ARM GAS  C:\Users\sata\AppData\Local\Temp\ccVJ0N9r.s 			page 1


   1              		.cpu cortex-m4
   2              		.arch armv7e-m
   3              		.fpu fpv4-sp-d16
   4              		.eabi_attribute 27, 1
   5              		.eabi_attribute 28, 1
   6              		.eabi_attribute 20, 1
   7              		.eabi_attribute 21, 1
   8              		.eabi_attribute 23, 3
   9              		.eabi_attribute 24, 1
  10              		.eabi_attribute 25, 1
  11              		.eabi_attribute 26, 1
  12              		.eabi_attribute 30, 1
  13              		.eabi_attribute 34, 1
  14              		.eabi_attribute 18, 4
  15              		.file	"gpio.c"
  16              		.text
  17              	.Ltext0:
  18              		.cfi_sections	.debug_frame
  19              		.section	.text.MX_GPIO_Init,"ax",%progbits
  20              		.align	1
  21              		.global	MX_GPIO_Init
  22              		.syntax unified
  23              		.thumb
  24              		.thumb_func
  26              	MX_GPIO_Init:
  27              	.LFB123:
  28              		.file 1 "Src/gpio.c"
   1:Src/gpio.c    **** /* USER CODE BEGIN Header */
   2:Src/gpio.c    **** /**
   3:Src/gpio.c    ****   ******************************************************************************
   4:Src/gpio.c    ****   * @file    gpio.c
   5:Src/gpio.c    ****   * @brief   This file provides code for the configuration
   6:Src/gpio.c    ****   *          of all used GPIO pins.
   7:Src/gpio.c    ****   ******************************************************************************
   8:Src/gpio.c    ****   * @attention
   9:Src/gpio.c    ****   *
  10:Src/gpio.c    ****   * Copyright (c) 2023 STMicroelectronics.
  11:Src/gpio.c    ****   * All rights reserved.
  12:Src/gpio.c    ****   *
  13:Src/gpio.c    ****   * This software is licensed under terms that can be found in the LICENSE file
  14:Src/gpio.c    ****   * in the root directory of this software component.
  15:Src/gpio.c    ****   * If no LICENSE file comes with this software, it is provided AS-IS.
  16:Src/gpio.c    ****   *
  17:Src/gpio.c    ****   ******************************************************************************
  18:Src/gpio.c    ****   */
  19:Src/gpio.c    **** /* USER CODE END Header */
  20:Src/gpio.c    **** 
  21:Src/gpio.c    **** /* Includes ------------------------------------------------------------------*/
  22:Src/gpio.c    **** #include "gpio.h"
  23:Src/gpio.c    **** 
  24:Src/gpio.c    **** /* USER CODE BEGIN 0 */
  25:Src/gpio.c    **** 
  26:Src/gpio.c    **** /* USER CODE END 0 */
  27:Src/gpio.c    **** 
  28:Src/gpio.c    **** /*----------------------------------------------------------------------------*/
  29:Src/gpio.c    **** /* Configure GPIO                                                             */
  30:Src/gpio.c    **** /*----------------------------------------------------------------------------*/
ARM GAS  C:\Users\sata\AppData\Local\Temp\ccVJ0N9r.s 			page 2


  31:Src/gpio.c    **** /* USER CODE BEGIN 1 */
  32:Src/gpio.c    **** 
  33:Src/gpio.c    **** /* USER CODE END 1 */
  34:Src/gpio.c    **** 
  35:Src/gpio.c    **** /** Configure pins
  36:Src/gpio.c    **** */
  37:Src/gpio.c    **** void MX_GPIO_Init(void)
  38:Src/gpio.c    **** {
  29              		.loc 1 38 1 view -0
  30              		.cfi_startproc
  31              		@ args = 0, pretend = 0, frame = 32
  32              		@ frame_needed = 0, uses_anonymous_args = 0
  33 0000 70B5     		push	{r4, r5, r6, lr}
  34              	.LCFI0:
  35              		.cfi_def_cfa_offset 16
  36              		.cfi_offset 4, -16
  37              		.cfi_offset 5, -12
  38              		.cfi_offset 6, -8
  39              		.cfi_offset 14, -4
  40 0002 88B0     		sub	sp, sp, #32
  41              	.LCFI1:
  42              		.cfi_def_cfa_offset 48
  39:Src/gpio.c    **** 
  40:Src/gpio.c    ****   GPIO_InitTypeDef GPIO_InitStruct = {0};
  43              		.loc 1 40 3 view .LVU1
  44              		.loc 1 40 20 is_stmt 0 view .LVU2
  45 0004 0024     		movs	r4, #0
  46 0006 0394     		str	r4, [sp, #12]
  47 0008 0494     		str	r4, [sp, #16]
  48 000a 0594     		str	r4, [sp, #20]
  49 000c 0694     		str	r4, [sp, #24]
  50 000e 0794     		str	r4, [sp, #28]
  41:Src/gpio.c    **** 
  42:Src/gpio.c    ****   /* GPIO Ports Clock Enable */
  43:Src/gpio.c    ****   __HAL_RCC_GPIOA_CLK_ENABLE();
  51              		.loc 1 43 3 is_stmt 1 view .LVU3
  52              	.LBB2:
  53              		.loc 1 43 3 view .LVU4
  54              		.loc 1 43 3 view .LVU5
  55 0010 1A4B     		ldr	r3, .L3
  56 0012 5A69     		ldr	r2, [r3, #20]
  57 0014 42F40032 		orr	r2, r2, #131072
  58 0018 5A61     		str	r2, [r3, #20]
  59              		.loc 1 43 3 view .LVU6
  60 001a 5A69     		ldr	r2, [r3, #20]
  61 001c 02F40032 		and	r2, r2, #131072
  62 0020 0192     		str	r2, [sp, #4]
  63              		.loc 1 43 3 view .LVU7
  64 0022 019A     		ldr	r2, [sp, #4]
  65              	.LBE2:
  66              		.loc 1 43 3 view .LVU8
  44:Src/gpio.c    ****   __HAL_RCC_GPIOB_CLK_ENABLE();
  67              		.loc 1 44 3 view .LVU9
  68              	.LBB3:
  69              		.loc 1 44 3 view .LVU10
  70              		.loc 1 44 3 view .LVU11
  71 0024 5A69     		ldr	r2, [r3, #20]
ARM GAS  C:\Users\sata\AppData\Local\Temp\ccVJ0N9r.s 			page 3


  72 0026 42F48022 		orr	r2, r2, #262144
  73 002a 5A61     		str	r2, [r3, #20]
  74              		.loc 1 44 3 view .LVU12
  75 002c 5B69     		ldr	r3, [r3, #20]
  76 002e 03F48023 		and	r3, r3, #262144
  77 0032 0293     		str	r3, [sp, #8]
  78              		.loc 1 44 3 view .LVU13
  79 0034 029B     		ldr	r3, [sp, #8]
  80              	.LBE3:
  81              		.loc 1 44 3 view .LVU14
  45:Src/gpio.c    **** 
  46:Src/gpio.c    ****   /*Configure GPIO pin Output Level */
  47:Src/gpio.c    ****   HAL_GPIO_WritePin(GPIOA, GPIO_PIN_0|GPIO_PIN_1|GPIO_PIN_2|GPIO_PIN_3, GPIO_PIN_RESET);
  82              		.loc 1 47 3 view .LVU15
  83 0036 2246     		mov	r2, r4
  84 0038 0F21     		movs	r1, #15
  85 003a 4FF09040 		mov	r0, #1207959552
  86 003e FFF7FEFF 		bl	HAL_GPIO_WritePin
  87              	.LVL0:
  48:Src/gpio.c    **** 
  49:Src/gpio.c    ****   /*Configure GPIO pin Output Level */
  50:Src/gpio.c    ****   HAL_GPIO_WritePin(GPIOB, GPIO_PIN_0|GPIO_PIN_1, GPIO_PIN_RESET);
  88              		.loc 1 50 3 view .LVU16
  89 0042 0F4D     		ldr	r5, .L3+4
  90 0044 2246     		mov	r2, r4
  91 0046 0321     		movs	r1, #3
  92 0048 2846     		mov	r0, r5
  93 004a FFF7FEFF 		bl	HAL_GPIO_WritePin
  94              	.LVL1:
  51:Src/gpio.c    **** 
  52:Src/gpio.c    ****   /*Configure GPIO pins : PA0 PA1 PA2 PA3 */
  53:Src/gpio.c    ****   GPIO_InitStruct.Pin = GPIO_PIN_0|GPIO_PIN_1|GPIO_PIN_2|GPIO_PIN_3;
  95              		.loc 1 53 3 view .LVU17
  96              		.loc 1 53 23 is_stmt 0 view .LVU18
  97 004e 0F23     		movs	r3, #15
  98 0050 0393     		str	r3, [sp, #12]
  54:Src/gpio.c    ****   GPIO_InitStruct.Mode = GPIO_MODE_OUTPUT_PP;
  99              		.loc 1 54 3 is_stmt 1 view .LVU19
 100              		.loc 1 54 24 is_stmt 0 view .LVU20
 101 0052 0126     		movs	r6, #1
 102 0054 0496     		str	r6, [sp, #16]
  55:Src/gpio.c    ****   GPIO_InitStruct.Pull = GPIO_NOPULL;
 103              		.loc 1 55 3 is_stmt 1 view .LVU21
 104              		.loc 1 55 24 is_stmt 0 view .LVU22
 105 0056 0594     		str	r4, [sp, #20]
  56:Src/gpio.c    ****   GPIO_InitStruct.Speed = GPIO_SPEED_FREQ_LOW;
 106              		.loc 1 56 3 is_stmt 1 view .LVU23
 107              		.loc 1 56 25 is_stmt 0 view .LVU24
 108 0058 0694     		str	r4, [sp, #24]
  57:Src/gpio.c    ****   HAL_GPIO_Init(GPIOA, &GPIO_InitStruct);
 109              		.loc 1 57 3 is_stmt 1 view .LVU25
 110 005a 03A9     		add	r1, sp, #12
 111 005c 4FF09040 		mov	r0, #1207959552
 112 0060 FFF7FEFF 		bl	HAL_GPIO_Init
 113              	.LVL2:
  58:Src/gpio.c    **** 
  59:Src/gpio.c    ****   /*Configure GPIO pins : PB0 PB1 */
ARM GAS  C:\Users\sata\AppData\Local\Temp\ccVJ0N9r.s 			page 4


  60:Src/gpio.c    ****   GPIO_InitStruct.Pin = GPIO_PIN_0|GPIO_PIN_1;
 114              		.loc 1 60 3 view .LVU26
 115              		.loc 1 60 23 is_stmt 0 view .LVU27
 116 0064 0323     		movs	r3, #3
 117 0066 0393     		str	r3, [sp, #12]
  61:Src/gpio.c    ****   GPIO_InitStruct.Mode = GPIO_MODE_OUTPUT_PP;
 118              		.loc 1 61 3 is_stmt 1 view .LVU28
 119              		.loc 1 61 24 is_stmt 0 view .LVU29
 120 0068 0496     		str	r6, [sp, #16]
  62:Src/gpio.c    ****   GPIO_InitStruct.Pull = GPIO_NOPULL;
 121              		.loc 1 62 3 is_stmt 1 view .LVU30
 122              		.loc 1 62 24 is_stmt 0 view .LVU31
 123 006a 0594     		str	r4, [sp, #20]
  63:Src/gpio.c    ****   GPIO_InitStruct.Speed = GPIO_SPEED_FREQ_LOW;
 124              		.loc 1 63 3 is_stmt 1 view .LVU32
 125              		.loc 1 63 25 is_stmt 0 view .LVU33
 126 006c 0694     		str	r4, [sp, #24]
  64:Src/gpio.c    ****   HAL_GPIO_Init(GPIOB, &GPIO_InitStruct);
 127              		.loc 1 64 3 is_stmt 1 view .LVU34
 128 006e 03A9     		add	r1, sp, #12
 129 0070 2846     		mov	r0, r5
 130 0072 FFF7FEFF 		bl	HAL_GPIO_Init
 131              	.LVL3:
  65:Src/gpio.c    **** 
  66:Src/gpio.c    **** }
 132              		.loc 1 66 1 is_stmt 0 view .LVU35
 133 0076 08B0     		add	sp, sp, #32
 134              	.LCFI2:
 135              		.cfi_def_cfa_offset 16
 136              		@ sp needed
 137 0078 70BD     		pop	{r4, r5, r6, pc}
 138              	.L4:
 139 007a 00BF     		.align	2
 140              	.L3:
 141 007c 00100240 		.word	1073876992
 142 0080 00040048 		.word	1207960576
 143              		.cfi_endproc
 144              	.LFE123:
 146              		.text
 147              	.Letext0:
 148              		.file 2 "c:\\st\\stm32cubeide_1.12.0\\stm32cubeide\\plugins\\com.st.stm32cube.ide.mcu.externaltool
 149              		.file 3 "c:\\st\\stm32cubeide_1.12.0\\stm32cubeide\\plugins\\com.st.stm32cube.ide.mcu.externaltool
 150              		.file 4 "Drivers/CMSIS/Device/ST/STM32F3xx/Include/stm32f303x8.h"
 151              		.file 5 "Drivers/STM32F3xx_HAL_Driver/Inc/stm32f3xx_hal_gpio.h"
ARM GAS  C:\Users\sata\AppData\Local\Temp\ccVJ0N9r.s 			page 5


DEFINED SYMBOLS
                            *ABS*:0000000000000000 gpio.c
C:\Users\sata\AppData\Local\Temp\ccVJ0N9r.s:20     .text.MX_GPIO_Init:0000000000000000 $t
C:\Users\sata\AppData\Local\Temp\ccVJ0N9r.s:26     .text.MX_GPIO_Init:0000000000000000 MX_GPIO_Init
C:\Users\sata\AppData\Local\Temp\ccVJ0N9r.s:141    .text.MX_GPIO_Init:000000000000007c $d

UNDEFINED SYMBOLS
HAL_GPIO_WritePin
HAL_GPIO_Init
