ARM GAS  C:\Users\sata\AppData\Local\Temp\cc7V0N9r.s 			page 1


   1              		.cpu cortex-m4
   2              		.arch armv7e-m
   3              		.fpu fpv4-sp-d16
   4              		.eabi_attribute 27, 1
   5              		.eabi_attribute 28, 1
   6              		.eabi_attribute 20, 1
   7              		.eabi_attribute 21, 1
   8              		.eabi_attribute 23, 3
   9              		.eabi_attribute 24, 1
  10              		.eabi_attribute 25, 1
  11              		.eabi_attribute 26, 1
  12              		.eabi_attribute 30, 1
  13              		.eabi_attribute 34, 1
  14              		.eabi_attribute 18, 4
  15              		.file	"main.c"
  16              		.text
  17              	.Ltext0:
  18              		.cfi_sections	.debug_frame
  19              		.section	.text.Error_Handler,"ax",%progbits
  20              		.align	1
  21              		.global	Error_Handler
  22              		.syntax unified
  23              		.thumb
  24              		.thumb_func
  26              	Error_Handler:
  27              	.LFB125:
  28              		.file 1 "Src/main.c"
   1:Src/main.c    **** /* USER CODE BEGIN Header */
   2:Src/main.c    **** /**
   3:Src/main.c    ****   ******************************************************************************
   4:Src/main.c    ****   * @file           : main.c
   5:Src/main.c    ****   * @brief          : Main program body
   6:Src/main.c    ****   ******************************************************************************
   7:Src/main.c    ****   * @attention
   8:Src/main.c    ****   *
   9:Src/main.c    ****   * Copyright (c) 2023 STMicroelectronics.
  10:Src/main.c    ****   * All rights reserved.
  11:Src/main.c    ****   *
  12:Src/main.c    ****   * This software is licensed under terms that can be found in the LICENSE file
  13:Src/main.c    ****   * in the root directory of this software component.
  14:Src/main.c    ****   * If no LICENSE file comes with this software, it is provided AS-IS.
  15:Src/main.c    ****   *
  16:Src/main.c    ****   ******************************************************************************
  17:Src/main.c    ****   */
  18:Src/main.c    **** /* USER CODE END Header */
  19:Src/main.c    **** /* Includes ------------------------------------------------------------------*/
  20:Src/main.c    **** #include "main.h"
  21:Src/main.c    **** #include "usart.h"
  22:Src/main.c    **** #include "gpio.h"
  23:Src/main.c    **** 
  24:Src/main.c    **** /* Private includes ----------------------------------------------------------*/
  25:Src/main.c    **** /* USER CODE BEGIN Includes */
  26:Src/main.c    **** 
  27:Src/main.c    **** /* USER CODE END Includes */
  28:Src/main.c    **** 
  29:Src/main.c    **** /* Private typedef -----------------------------------------------------------*/
  30:Src/main.c    **** /* USER CODE BEGIN PTD */
ARM GAS  C:\Users\sata\AppData\Local\Temp\cc7V0N9r.s 			page 2


  31:Src/main.c    **** 
  32:Src/main.c    **** /* USER CODE END PTD */
  33:Src/main.c    **** 
  34:Src/main.c    **** /* Private define ------------------------------------------------------------*/
  35:Src/main.c    **** /* USER CODE BEGIN PD */
  36:Src/main.c    **** 
  37:Src/main.c    **** /* USER CODE END PD */
  38:Src/main.c    **** 
  39:Src/main.c    **** /* Private macro -------------------------------------------------------------*/
  40:Src/main.c    **** /* USER CODE BEGIN PM */
  41:Src/main.c    **** 
  42:Src/main.c    **** /* USER CODE END PM */
  43:Src/main.c    **** 
  44:Src/main.c    **** /* Private variables ---------------------------------------------------------*/
  45:Src/main.c    **** 
  46:Src/main.c    **** /* USER CODE BEGIN PV */
  47:Src/main.c    **** 
  48:Src/main.c    **** /* USER CODE END PV */
  49:Src/main.c    **** 
  50:Src/main.c    **** /* Private function prototypes -----------------------------------------------*/
  51:Src/main.c    **** void SystemClock_Config(void);
  52:Src/main.c    **** /* USER CODE BEGIN PFP */
  53:Src/main.c    **** 
  54:Src/main.c    **** /* USER CODE END PFP */
  55:Src/main.c    **** 
  56:Src/main.c    **** /* Private user code ---------------------------------------------------------*/
  57:Src/main.c    **** /* USER CODE BEGIN 0 */
  58:Src/main.c    **** 
  59:Src/main.c    **** /* USER CODE END 0 */
  60:Src/main.c    **** 
  61:Src/main.c    **** /**
  62:Src/main.c    ****   * @brief  The application entry point.
  63:Src/main.c    ****   * @retval int
  64:Src/main.c    ****   */
  65:Src/main.c    **** int main(void)
  66:Src/main.c    **** {
  67:Src/main.c    ****   /* USER CODE BEGIN 1 */
  68:Src/main.c    **** 
  69:Src/main.c    ****   /* USER CODE END 1 */
  70:Src/main.c    **** 
  71:Src/main.c    ****   /* MCU Configuration--------------------------------------------------------*/
  72:Src/main.c    **** 
  73:Src/main.c    ****   /* Reset of all peripherals, Initializes the Flash interface and the Systick. */
  74:Src/main.c    ****   HAL_Init();
  75:Src/main.c    **** 
  76:Src/main.c    ****   /* USER CODE BEGIN Init */
  77:Src/main.c    **** 
  78:Src/main.c    ****   /* USER CODE END Init */
  79:Src/main.c    **** 
  80:Src/main.c    ****   /* Configure the system clock */
  81:Src/main.c    ****   SystemClock_Config();
  82:Src/main.c    **** 
  83:Src/main.c    ****   /* USER CODE BEGIN SysInit */
  84:Src/main.c    **** 
  85:Src/main.c    ****   /* USER CODE END SysInit */
  86:Src/main.c    **** 
  87:Src/main.c    ****   /* Initialize all configured peripherals */
ARM GAS  C:\Users\sata\AppData\Local\Temp\cc7V0N9r.s 			page 3


  88:Src/main.c    ****   MX_GPIO_Init();
  89:Src/main.c    ****   MX_USART1_Init();
  90:Src/main.c    ****   /* USER CODE BEGIN 2 */
  91:Src/main.c    **** 
  92:Src/main.c    ****   /* USER CODE END 2 */
  93:Src/main.c    **** 
  94:Src/main.c    ****   /* Infinite loop */
  95:Src/main.c    ****   /* USER CODE BEGIN WHILE */
  96:Src/main.c    ****   while (1)
  97:Src/main.c    ****   {
  98:Src/main.c    ****     /* USER CODE END WHILE */
  99:Src/main.c    **** 
 100:Src/main.c    ****     /* USER CODE BEGIN 3 */
 101:Src/main.c    ****   }
 102:Src/main.c    ****   /* USER CODE END 3 */
 103:Src/main.c    **** }
 104:Src/main.c    **** 
 105:Src/main.c    **** /**
 106:Src/main.c    ****   * @brief System Clock Configuration
 107:Src/main.c    ****   * @retval None
 108:Src/main.c    ****   */
 109:Src/main.c    **** void SystemClock_Config(void)
 110:Src/main.c    **** {
 111:Src/main.c    ****   RCC_OscInitTypeDef RCC_OscInitStruct = {0};
 112:Src/main.c    ****   RCC_ClkInitTypeDef RCC_ClkInitStruct = {0};
 113:Src/main.c    ****   RCC_PeriphCLKInitTypeDef PeriphClkInit = {0};
 114:Src/main.c    **** 
 115:Src/main.c    ****   /** Initializes the RCC Oscillators according to the specified parameters
 116:Src/main.c    ****   * in the RCC_OscInitTypeDef structure.
 117:Src/main.c    ****   */
 118:Src/main.c    ****   RCC_OscInitStruct.OscillatorType = RCC_OSCILLATORTYPE_HSI;
 119:Src/main.c    ****   RCC_OscInitStruct.HSIState = RCC_HSI_ON;
 120:Src/main.c    ****   RCC_OscInitStruct.HSICalibrationValue = RCC_HSICALIBRATION_DEFAULT;
 121:Src/main.c    ****   RCC_OscInitStruct.PLL.PLLState = RCC_PLL_NONE;
 122:Src/main.c    ****   if (HAL_RCC_OscConfig(&RCC_OscInitStruct) != HAL_OK)
 123:Src/main.c    ****   {
 124:Src/main.c    ****     Error_Handler();
 125:Src/main.c    ****   }
 126:Src/main.c    **** 
 127:Src/main.c    ****   /** Initializes the CPU, AHB and APB buses clocks
 128:Src/main.c    ****   */
 129:Src/main.c    ****   RCC_ClkInitStruct.ClockType = RCC_CLOCKTYPE_HCLK|RCC_CLOCKTYPE_SYSCLK
 130:Src/main.c    ****                               |RCC_CLOCKTYPE_PCLK1|RCC_CLOCKTYPE_PCLK2;
 131:Src/main.c    ****   RCC_ClkInitStruct.SYSCLKSource = RCC_SYSCLKSOURCE_HSI;
 132:Src/main.c    ****   RCC_ClkInitStruct.AHBCLKDivider = RCC_SYSCLK_DIV1;
 133:Src/main.c    ****   RCC_ClkInitStruct.APB1CLKDivider = RCC_HCLK_DIV1;
 134:Src/main.c    ****   RCC_ClkInitStruct.APB2CLKDivider = RCC_HCLK_DIV1;
 135:Src/main.c    **** 
 136:Src/main.c    ****   if (HAL_RCC_ClockConfig(&RCC_ClkInitStruct, FLASH_LATENCY_0) != HAL_OK)
 137:Src/main.c    ****   {
 138:Src/main.c    ****     Error_Handler();
 139:Src/main.c    ****   }
 140:Src/main.c    ****   PeriphClkInit.PeriphClockSelection = RCC_PERIPHCLK_USART1;
 141:Src/main.c    ****   PeriphClkInit.Usart1ClockSelection = RCC_USART1CLKSOURCE_PCLK1;
 142:Src/main.c    ****   if (HAL_RCCEx_PeriphCLKConfig(&PeriphClkInit) != HAL_OK)
 143:Src/main.c    ****   {
 144:Src/main.c    ****     Error_Handler();
ARM GAS  C:\Users\sata\AppData\Local\Temp\cc7V0N9r.s 			page 4


 145:Src/main.c    ****   }
 146:Src/main.c    **** }
 147:Src/main.c    **** 
 148:Src/main.c    **** /* USER CODE BEGIN 4 */
 149:Src/main.c    **** 
 150:Src/main.c    **** /* USER CODE END 4 */
 151:Src/main.c    **** 
 152:Src/main.c    **** /**
 153:Src/main.c    ****   * @brief  This function is executed in case of error occurrence.
 154:Src/main.c    ****   * @retval None
 155:Src/main.c    ****   */
 156:Src/main.c    **** void Error_Handler(void)
 157:Src/main.c    **** {
  29              		.loc 1 157 1 view -0
  30              		.cfi_startproc
  31              		@ Volatile: function does not return.
  32              		@ args = 0, pretend = 0, frame = 0
  33              		@ frame_needed = 0, uses_anonymous_args = 0
  34              		@ link register save eliminated.
 158:Src/main.c    ****   /* USER CODE BEGIN Error_Handler_Debug */
 159:Src/main.c    ****   /* User can add his own implementation to report the HAL error return state */
 160:Src/main.c    ****   __disable_irq();
  35              		.loc 1 160 3 view .LVU1
  36              	.LBB4:
  37              	.LBI4:
  38              		.file 2 "Drivers/CMSIS/Include/cmsis_gcc.h"
   1:Drivers/CMSIS/Include/cmsis_gcc.h **** /**************************************************************************//**
   2:Drivers/CMSIS/Include/cmsis_gcc.h ****  * @file     cmsis_gcc.h
   3:Drivers/CMSIS/Include/cmsis_gcc.h ****  * @brief    CMSIS compiler GCC header file
   4:Drivers/CMSIS/Include/cmsis_gcc.h ****  * @version  V5.0.4
   5:Drivers/CMSIS/Include/cmsis_gcc.h ****  * @date     09. April 2018
   6:Drivers/CMSIS/Include/cmsis_gcc.h ****  ******************************************************************************/
   7:Drivers/CMSIS/Include/cmsis_gcc.h **** /*
   8:Drivers/CMSIS/Include/cmsis_gcc.h ****  * Copyright (c) 2009-2018 Arm Limited. All rights reserved.
   9:Drivers/CMSIS/Include/cmsis_gcc.h ****  *
  10:Drivers/CMSIS/Include/cmsis_gcc.h ****  * SPDX-License-Identifier: Apache-2.0
  11:Drivers/CMSIS/Include/cmsis_gcc.h ****  *
  12:Drivers/CMSIS/Include/cmsis_gcc.h ****  * Licensed under the Apache License, Version 2.0 (the License); you may
  13:Drivers/CMSIS/Include/cmsis_gcc.h ****  * not use this file except in compliance with the License.
  14:Drivers/CMSIS/Include/cmsis_gcc.h ****  * You may obtain a copy of the License at
  15:Drivers/CMSIS/Include/cmsis_gcc.h ****  *
  16:Drivers/CMSIS/Include/cmsis_gcc.h ****  * www.apache.org/licenses/LICENSE-2.0
  17:Drivers/CMSIS/Include/cmsis_gcc.h ****  *
  18:Drivers/CMSIS/Include/cmsis_gcc.h ****  * Unless required by applicable law or agreed to in writing, software
  19:Drivers/CMSIS/Include/cmsis_gcc.h ****  * distributed under the License is distributed on an AS IS BASIS, WITHOUT
  20:Drivers/CMSIS/Include/cmsis_gcc.h ****  * WARRANTIES OR CONDITIONS OF ANY KIND, either express or implied.
  21:Drivers/CMSIS/Include/cmsis_gcc.h ****  * See the License for the specific language governing permissions and
  22:Drivers/CMSIS/Include/cmsis_gcc.h ****  * limitations under the License.
  23:Drivers/CMSIS/Include/cmsis_gcc.h ****  */
  24:Drivers/CMSIS/Include/cmsis_gcc.h **** 
  25:Drivers/CMSIS/Include/cmsis_gcc.h **** #ifndef __CMSIS_GCC_H
  26:Drivers/CMSIS/Include/cmsis_gcc.h **** #define __CMSIS_GCC_H
  27:Drivers/CMSIS/Include/cmsis_gcc.h **** 
  28:Drivers/CMSIS/Include/cmsis_gcc.h **** /* ignore some GCC warnings */
  29:Drivers/CMSIS/Include/cmsis_gcc.h **** #pragma GCC diagnostic push
  30:Drivers/CMSIS/Include/cmsis_gcc.h **** #pragma GCC diagnostic ignored "-Wsign-conversion"
  31:Drivers/CMSIS/Include/cmsis_gcc.h **** #pragma GCC diagnostic ignored "-Wconversion"
ARM GAS  C:\Users\sata\AppData\Local\Temp\cc7V0N9r.s 			page 5


  32:Drivers/CMSIS/Include/cmsis_gcc.h **** #pragma GCC diagnostic ignored "-Wunused-parameter"
  33:Drivers/CMSIS/Include/cmsis_gcc.h **** 
  34:Drivers/CMSIS/Include/cmsis_gcc.h **** /* Fallback for __has_builtin */
  35:Drivers/CMSIS/Include/cmsis_gcc.h **** #ifndef __has_builtin
  36:Drivers/CMSIS/Include/cmsis_gcc.h ****   #define __has_builtin(x) (0)
  37:Drivers/CMSIS/Include/cmsis_gcc.h **** #endif
  38:Drivers/CMSIS/Include/cmsis_gcc.h **** 
  39:Drivers/CMSIS/Include/cmsis_gcc.h **** /* CMSIS compiler specific defines */
  40:Drivers/CMSIS/Include/cmsis_gcc.h **** #ifndef   __ASM
  41:Drivers/CMSIS/Include/cmsis_gcc.h ****   #define __ASM                                  __asm
  42:Drivers/CMSIS/Include/cmsis_gcc.h **** #endif
  43:Drivers/CMSIS/Include/cmsis_gcc.h **** #ifndef   __INLINE
  44:Drivers/CMSIS/Include/cmsis_gcc.h ****   #define __INLINE                               inline
  45:Drivers/CMSIS/Include/cmsis_gcc.h **** #endif
  46:Drivers/CMSIS/Include/cmsis_gcc.h **** #ifndef   __STATIC_INLINE
  47:Drivers/CMSIS/Include/cmsis_gcc.h ****   #define __STATIC_INLINE                        static inline
  48:Drivers/CMSIS/Include/cmsis_gcc.h **** #endif
  49:Drivers/CMSIS/Include/cmsis_gcc.h **** #ifndef   __STATIC_FORCEINLINE                 
  50:Drivers/CMSIS/Include/cmsis_gcc.h ****   #define __STATIC_FORCEINLINE                   __attribute__((always_inline)) static inline
  51:Drivers/CMSIS/Include/cmsis_gcc.h **** #endif                                           
  52:Drivers/CMSIS/Include/cmsis_gcc.h **** #ifndef   __NO_RETURN
  53:Drivers/CMSIS/Include/cmsis_gcc.h ****   #define __NO_RETURN                            __attribute__((__noreturn__))
  54:Drivers/CMSIS/Include/cmsis_gcc.h **** #endif
  55:Drivers/CMSIS/Include/cmsis_gcc.h **** #ifndef   __USED
  56:Drivers/CMSIS/Include/cmsis_gcc.h ****   #define __USED                                 __attribute__((used))
  57:Drivers/CMSIS/Include/cmsis_gcc.h **** #endif
  58:Drivers/CMSIS/Include/cmsis_gcc.h **** #ifndef   __WEAK
  59:Drivers/CMSIS/Include/cmsis_gcc.h ****   #define __WEAK                                 __attribute__((weak))
  60:Drivers/CMSIS/Include/cmsis_gcc.h **** #endif
  61:Drivers/CMSIS/Include/cmsis_gcc.h **** #ifndef   __PACKED
  62:Drivers/CMSIS/Include/cmsis_gcc.h ****   #define __PACKED                               __attribute__((packed, aligned(1)))
  63:Drivers/CMSIS/Include/cmsis_gcc.h **** #endif
  64:Drivers/CMSIS/Include/cmsis_gcc.h **** #ifndef   __PACKED_STRUCT
  65:Drivers/CMSIS/Include/cmsis_gcc.h ****   #define __PACKED_STRUCT                        struct __attribute__((packed, aligned(1)))
  66:Drivers/CMSIS/Include/cmsis_gcc.h **** #endif
  67:Drivers/CMSIS/Include/cmsis_gcc.h **** #ifndef   __PACKED_UNION
  68:Drivers/CMSIS/Include/cmsis_gcc.h ****   #define __PACKED_UNION                         union __attribute__((packed, aligned(1)))
  69:Drivers/CMSIS/Include/cmsis_gcc.h **** #endif
  70:Drivers/CMSIS/Include/cmsis_gcc.h **** #ifndef   __UNALIGNED_UINT32        /* deprecated */
  71:Drivers/CMSIS/Include/cmsis_gcc.h ****   #pragma GCC diagnostic push
  72:Drivers/CMSIS/Include/cmsis_gcc.h ****   #pragma GCC diagnostic ignored "-Wpacked"
  73:Drivers/CMSIS/Include/cmsis_gcc.h ****   #pragma GCC diagnostic ignored "-Wattributes"
  74:Drivers/CMSIS/Include/cmsis_gcc.h ****   struct __attribute__((packed)) T_UINT32 { uint32_t v; };
  75:Drivers/CMSIS/Include/cmsis_gcc.h ****   #pragma GCC diagnostic pop
  76:Drivers/CMSIS/Include/cmsis_gcc.h ****   #define __UNALIGNED_UINT32(x)                  (((struct T_UINT32 *)(x))->v)
  77:Drivers/CMSIS/Include/cmsis_gcc.h **** #endif
  78:Drivers/CMSIS/Include/cmsis_gcc.h **** #ifndef   __UNALIGNED_UINT16_WRITE
  79:Drivers/CMSIS/Include/cmsis_gcc.h ****   #pragma GCC diagnostic push
  80:Drivers/CMSIS/Include/cmsis_gcc.h ****   #pragma GCC diagnostic ignored "-Wpacked"
  81:Drivers/CMSIS/Include/cmsis_gcc.h ****   #pragma GCC diagnostic ignored "-Wattributes"
  82:Drivers/CMSIS/Include/cmsis_gcc.h ****   __PACKED_STRUCT T_UINT16_WRITE { uint16_t v; };
  83:Drivers/CMSIS/Include/cmsis_gcc.h ****   #pragma GCC diagnostic pop
  84:Drivers/CMSIS/Include/cmsis_gcc.h ****   #define __UNALIGNED_UINT16_WRITE(addr, val)    (void)((((struct T_UINT16_WRITE *)(void *)(addr))-
  85:Drivers/CMSIS/Include/cmsis_gcc.h **** #endif
  86:Drivers/CMSIS/Include/cmsis_gcc.h **** #ifndef   __UNALIGNED_UINT16_READ
  87:Drivers/CMSIS/Include/cmsis_gcc.h ****   #pragma GCC diagnostic push
  88:Drivers/CMSIS/Include/cmsis_gcc.h ****   #pragma GCC diagnostic ignored "-Wpacked"
ARM GAS  C:\Users\sata\AppData\Local\Temp\cc7V0N9r.s 			page 6


  89:Drivers/CMSIS/Include/cmsis_gcc.h ****   #pragma GCC diagnostic ignored "-Wattributes"
  90:Drivers/CMSIS/Include/cmsis_gcc.h ****   __PACKED_STRUCT T_UINT16_READ { uint16_t v; };
  91:Drivers/CMSIS/Include/cmsis_gcc.h ****   #pragma GCC diagnostic pop
  92:Drivers/CMSIS/Include/cmsis_gcc.h ****   #define __UNALIGNED_UINT16_READ(addr)          (((const struct T_UINT16_READ *)(const void *)(add
  93:Drivers/CMSIS/Include/cmsis_gcc.h **** #endif
  94:Drivers/CMSIS/Include/cmsis_gcc.h **** #ifndef   __UNALIGNED_UINT32_WRITE
  95:Drivers/CMSIS/Include/cmsis_gcc.h ****   #pragma GCC diagnostic push
  96:Drivers/CMSIS/Include/cmsis_gcc.h ****   #pragma GCC diagnostic ignored "-Wpacked"
  97:Drivers/CMSIS/Include/cmsis_gcc.h ****   #pragma GCC diagnostic ignored "-Wattributes"
  98:Drivers/CMSIS/Include/cmsis_gcc.h ****   __PACKED_STRUCT T_UINT32_WRITE { uint32_t v; };
  99:Drivers/CMSIS/Include/cmsis_gcc.h ****   #pragma GCC diagnostic pop
 100:Drivers/CMSIS/Include/cmsis_gcc.h ****   #define __UNALIGNED_UINT32_WRITE(addr, val)    (void)((((struct T_UINT32_WRITE *)(void *)(addr))-
 101:Drivers/CMSIS/Include/cmsis_gcc.h **** #endif
 102:Drivers/CMSIS/Include/cmsis_gcc.h **** #ifndef   __UNALIGNED_UINT32_READ
 103:Drivers/CMSIS/Include/cmsis_gcc.h ****   #pragma GCC diagnostic push
 104:Drivers/CMSIS/Include/cmsis_gcc.h ****   #pragma GCC diagnostic ignored "-Wpacked"
 105:Drivers/CMSIS/Include/cmsis_gcc.h ****   #pragma GCC diagnostic ignored "-Wattributes"
 106:Drivers/CMSIS/Include/cmsis_gcc.h ****   __PACKED_STRUCT T_UINT32_READ { uint32_t v; };
 107:Drivers/CMSIS/Include/cmsis_gcc.h ****   #pragma GCC diagnostic pop
 108:Drivers/CMSIS/Include/cmsis_gcc.h ****   #define __UNALIGNED_UINT32_READ(addr)          (((const struct T_UINT32_READ *)(const void *)(add
 109:Drivers/CMSIS/Include/cmsis_gcc.h **** #endif
 110:Drivers/CMSIS/Include/cmsis_gcc.h **** #ifndef   __ALIGNED
 111:Drivers/CMSIS/Include/cmsis_gcc.h ****   #define __ALIGNED(x)                           __attribute__((aligned(x)))
 112:Drivers/CMSIS/Include/cmsis_gcc.h **** #endif
 113:Drivers/CMSIS/Include/cmsis_gcc.h **** #ifndef   __RESTRICT
 114:Drivers/CMSIS/Include/cmsis_gcc.h ****   #define __RESTRICT                             __restrict
 115:Drivers/CMSIS/Include/cmsis_gcc.h **** #endif
 116:Drivers/CMSIS/Include/cmsis_gcc.h **** 
 117:Drivers/CMSIS/Include/cmsis_gcc.h **** 
 118:Drivers/CMSIS/Include/cmsis_gcc.h **** /* ###########################  Core Function Access  ########################### */
 119:Drivers/CMSIS/Include/cmsis_gcc.h **** /** \ingroup  CMSIS_Core_FunctionInterface
 120:Drivers/CMSIS/Include/cmsis_gcc.h ****     \defgroup CMSIS_Core_RegAccFunctions CMSIS Core Register Access Functions
 121:Drivers/CMSIS/Include/cmsis_gcc.h ****   @{
 122:Drivers/CMSIS/Include/cmsis_gcc.h ****  */
 123:Drivers/CMSIS/Include/cmsis_gcc.h **** 
 124:Drivers/CMSIS/Include/cmsis_gcc.h **** /**
 125:Drivers/CMSIS/Include/cmsis_gcc.h ****   \brief   Enable IRQ Interrupts
 126:Drivers/CMSIS/Include/cmsis_gcc.h ****   \details Enables IRQ interrupts by clearing the I-bit in the CPSR.
 127:Drivers/CMSIS/Include/cmsis_gcc.h ****            Can only be executed in Privileged modes.
 128:Drivers/CMSIS/Include/cmsis_gcc.h ****  */
 129:Drivers/CMSIS/Include/cmsis_gcc.h **** __STATIC_FORCEINLINE void __enable_irq(void)
 130:Drivers/CMSIS/Include/cmsis_gcc.h **** {
 131:Drivers/CMSIS/Include/cmsis_gcc.h ****   __ASM volatile ("cpsie i" : : : "memory");
 132:Drivers/CMSIS/Include/cmsis_gcc.h **** }
 133:Drivers/CMSIS/Include/cmsis_gcc.h **** 
 134:Drivers/CMSIS/Include/cmsis_gcc.h **** 
 135:Drivers/CMSIS/Include/cmsis_gcc.h **** /**
 136:Drivers/CMSIS/Include/cmsis_gcc.h ****   \brief   Disable IRQ Interrupts
 137:Drivers/CMSIS/Include/cmsis_gcc.h ****   \details Disables IRQ interrupts by setting the I-bit in the CPSR.
 138:Drivers/CMSIS/Include/cmsis_gcc.h ****            Can only be executed in Privileged modes.
 139:Drivers/CMSIS/Include/cmsis_gcc.h ****  */
 140:Drivers/CMSIS/Include/cmsis_gcc.h **** __STATIC_FORCEINLINE void __disable_irq(void)
  39              		.loc 2 140 27 view .LVU2
  40              	.LBB5:
 141:Drivers/CMSIS/Include/cmsis_gcc.h **** {
 142:Drivers/CMSIS/Include/cmsis_gcc.h ****   __ASM volatile ("cpsid i" : : : "memory");
  41              		.loc 2 142 3 view .LVU3
ARM GAS  C:\Users\sata\AppData\Local\Temp\cc7V0N9r.s 			page 7


  42              		.syntax unified
  43              	@ 142 "Drivers/CMSIS/Include/cmsis_gcc.h" 1
  44 0000 72B6     		cpsid i
  45              	@ 0 "" 2
  46              		.thumb
  47              		.syntax unified
  48              	.L2:
  49              	.LBE5:
  50              	.LBE4:
 161:Src/main.c    ****   while (1)
  51              		.loc 1 161 3 discriminator 1 view .LVU4
 162:Src/main.c    ****   {
 163:Src/main.c    ****   }
  52              		.loc 1 163 3 discriminator 1 view .LVU5
 161:Src/main.c    ****   while (1)
  53              		.loc 1 161 9 discriminator 1 view .LVU6
  54 0002 FEE7     		b	.L2
  55              		.cfi_endproc
  56              	.LFE125:
  58              		.section	.text.SystemClock_Config,"ax",%progbits
  59              		.align	1
  60              		.global	SystemClock_Config
  61              		.syntax unified
  62              		.thumb
  63              		.thumb_func
  65              	SystemClock_Config:
  66              	.LFB124:
 110:Src/main.c    ****   RCC_OscInitTypeDef RCC_OscInitStruct = {0};
  67              		.loc 1 110 1 view -0
  68              		.cfi_startproc
  69              		@ args = 0, pretend = 0, frame = 88
  70              		@ frame_needed = 0, uses_anonymous_args = 0
  71 0000 00B5     		push	{lr}
  72              	.LCFI0:
  73              		.cfi_def_cfa_offset 4
  74              		.cfi_offset 14, -4
  75 0002 97B0     		sub	sp, sp, #92
  76              	.LCFI1:
  77              		.cfi_def_cfa_offset 96
 111:Src/main.c    ****   RCC_ClkInitTypeDef RCC_ClkInitStruct = {0};
  78              		.loc 1 111 3 view .LVU8
 111:Src/main.c    ****   RCC_ClkInitTypeDef RCC_ClkInitStruct = {0};
  79              		.loc 1 111 22 is_stmt 0 view .LVU9
  80 0004 2822     		movs	r2, #40
  81 0006 0021     		movs	r1, #0
  82 0008 0CA8     		add	r0, sp, #48
  83 000a FFF7FEFF 		bl	memset
  84              	.LVL0:
 112:Src/main.c    ****   RCC_PeriphCLKInitTypeDef PeriphClkInit = {0};
  85              		.loc 1 112 3 is_stmt 1 view .LVU10
 112:Src/main.c    ****   RCC_PeriphCLKInitTypeDef PeriphClkInit = {0};
  86              		.loc 1 112 22 is_stmt 0 view .LVU11
  87 000e 0023     		movs	r3, #0
  88 0010 0793     		str	r3, [sp, #28]
  89 0012 0893     		str	r3, [sp, #32]
  90 0014 0993     		str	r3, [sp, #36]
  91 0016 0A93     		str	r3, [sp, #40]
ARM GAS  C:\Users\sata\AppData\Local\Temp\cc7V0N9r.s 			page 8


  92 0018 0B93     		str	r3, [sp, #44]
 113:Src/main.c    **** 
  93              		.loc 1 113 3 is_stmt 1 view .LVU12
 113:Src/main.c    **** 
  94              		.loc 1 113 28 is_stmt 0 view .LVU13
  95 001a 0193     		str	r3, [sp, #4]
  96 001c 0293     		str	r3, [sp, #8]
  97 001e 0393     		str	r3, [sp, #12]
  98 0020 0493     		str	r3, [sp, #16]
  99 0022 0593     		str	r3, [sp, #20]
 100 0024 0693     		str	r3, [sp, #24]
 118:Src/main.c    ****   RCC_OscInitStruct.HSIState = RCC_HSI_ON;
 101              		.loc 1 118 3 is_stmt 1 view .LVU14
 118:Src/main.c    ****   RCC_OscInitStruct.HSIState = RCC_HSI_ON;
 102              		.loc 1 118 36 is_stmt 0 view .LVU15
 103 0026 0223     		movs	r3, #2
 104 0028 0C93     		str	r3, [sp, #48]
 119:Src/main.c    ****   RCC_OscInitStruct.HSICalibrationValue = RCC_HSICALIBRATION_DEFAULT;
 105              		.loc 1 119 3 is_stmt 1 view .LVU16
 119:Src/main.c    ****   RCC_OscInitStruct.HSICalibrationValue = RCC_HSICALIBRATION_DEFAULT;
 106              		.loc 1 119 30 is_stmt 0 view .LVU17
 107 002a 0123     		movs	r3, #1
 108 002c 1093     		str	r3, [sp, #64]
 120:Src/main.c    ****   RCC_OscInitStruct.PLL.PLLState = RCC_PLL_NONE;
 109              		.loc 1 120 3 is_stmt 1 view .LVU18
 120:Src/main.c    ****   RCC_OscInitStruct.PLL.PLLState = RCC_PLL_NONE;
 110              		.loc 1 120 41 is_stmt 0 view .LVU19
 111 002e 1023     		movs	r3, #16
 112 0030 1193     		str	r3, [sp, #68]
 121:Src/main.c    ****   if (HAL_RCC_OscConfig(&RCC_OscInitStruct) != HAL_OK)
 113              		.loc 1 121 3 is_stmt 1 view .LVU20
 122:Src/main.c    ****   {
 114              		.loc 1 122 3 view .LVU21
 122:Src/main.c    ****   {
 115              		.loc 1 122 7 is_stmt 0 view .LVU22
 116 0032 0CA8     		add	r0, sp, #48
 117 0034 FFF7FEFF 		bl	HAL_RCC_OscConfig
 118              	.LVL1:
 122:Src/main.c    ****   {
 119              		.loc 1 122 6 view .LVU23
 120 0038 A8B9     		cbnz	r0, .L8
 129:Src/main.c    ****                               |RCC_CLOCKTYPE_PCLK1|RCC_CLOCKTYPE_PCLK2;
 121              		.loc 1 129 3 is_stmt 1 view .LVU24
 129:Src/main.c    ****                               |RCC_CLOCKTYPE_PCLK1|RCC_CLOCKTYPE_PCLK2;
 122              		.loc 1 129 31 is_stmt 0 view .LVU25
 123 003a 0F23     		movs	r3, #15
 124 003c 0793     		str	r3, [sp, #28]
 131:Src/main.c    ****   RCC_ClkInitStruct.AHBCLKDivider = RCC_SYSCLK_DIV1;
 125              		.loc 1 131 3 is_stmt 1 view .LVU26
 131:Src/main.c    ****   RCC_ClkInitStruct.AHBCLKDivider = RCC_SYSCLK_DIV1;
 126              		.loc 1 131 34 is_stmt 0 view .LVU27
 127 003e 0021     		movs	r1, #0
 128 0040 0891     		str	r1, [sp, #32]
 132:Src/main.c    ****   RCC_ClkInitStruct.APB1CLKDivider = RCC_HCLK_DIV1;
 129              		.loc 1 132 3 is_stmt 1 view .LVU28
 132:Src/main.c    ****   RCC_ClkInitStruct.APB1CLKDivider = RCC_HCLK_DIV1;
 130              		.loc 1 132 35 is_stmt 0 view .LVU29
ARM GAS  C:\Users\sata\AppData\Local\Temp\cc7V0N9r.s 			page 9


 131 0042 0991     		str	r1, [sp, #36]
 133:Src/main.c    ****   RCC_ClkInitStruct.APB2CLKDivider = RCC_HCLK_DIV1;
 132              		.loc 1 133 3 is_stmt 1 view .LVU30
 133:Src/main.c    ****   RCC_ClkInitStruct.APB2CLKDivider = RCC_HCLK_DIV1;
 133              		.loc 1 133 36 is_stmt 0 view .LVU31
 134 0044 0A91     		str	r1, [sp, #40]
 134:Src/main.c    **** 
 135              		.loc 1 134 3 is_stmt 1 view .LVU32
 134:Src/main.c    **** 
 136              		.loc 1 134 36 is_stmt 0 view .LVU33
 137 0046 0B91     		str	r1, [sp, #44]
 136:Src/main.c    ****   {
 138              		.loc 1 136 3 is_stmt 1 view .LVU34
 136:Src/main.c    ****   {
 139              		.loc 1 136 7 is_stmt 0 view .LVU35
 140 0048 07A8     		add	r0, sp, #28
 141 004a FFF7FEFF 		bl	HAL_RCC_ClockConfig
 142              	.LVL2:
 136:Src/main.c    ****   {
 143              		.loc 1 136 6 view .LVU36
 144 004e 60B9     		cbnz	r0, .L9
 140:Src/main.c    ****   PeriphClkInit.Usart1ClockSelection = RCC_USART1CLKSOURCE_PCLK1;
 145              		.loc 1 140 3 is_stmt 1 view .LVU37
 140:Src/main.c    ****   PeriphClkInit.Usart1ClockSelection = RCC_USART1CLKSOURCE_PCLK1;
 146              		.loc 1 140 38 is_stmt 0 view .LVU38
 147 0050 0123     		movs	r3, #1
 148 0052 0193     		str	r3, [sp, #4]
 141:Src/main.c    ****   if (HAL_RCCEx_PeriphCLKConfig(&PeriphClkInit) != HAL_OK)
 149              		.loc 1 141 3 is_stmt 1 view .LVU39
 141:Src/main.c    ****   if (HAL_RCCEx_PeriphCLKConfig(&PeriphClkInit) != HAL_OK)
 150              		.loc 1 141 38 is_stmt 0 view .LVU40
 151 0054 0023     		movs	r3, #0
 152 0056 0393     		str	r3, [sp, #12]
 142:Src/main.c    ****   {
 153              		.loc 1 142 3 is_stmt 1 view .LVU41
 142:Src/main.c    ****   {
 154              		.loc 1 142 7 is_stmt 0 view .LVU42
 155 0058 01A8     		add	r0, sp, #4
 156 005a FFF7FEFF 		bl	HAL_RCCEx_PeriphCLKConfig
 157              	.LVL3:
 142:Src/main.c    ****   {
 158              		.loc 1 142 6 view .LVU43
 159 005e 30B9     		cbnz	r0, .L10
 146:Src/main.c    **** 
 160              		.loc 1 146 1 view .LVU44
 161 0060 17B0     		add	sp, sp, #92
 162              	.LCFI2:
 163              		.cfi_remember_state
 164              		.cfi_def_cfa_offset 4
 165              		@ sp needed
 166 0062 5DF804FB 		ldr	pc, [sp], #4
 167              	.L8:
 168              	.LCFI3:
 169              		.cfi_restore_state
 124:Src/main.c    ****   }
 170              		.loc 1 124 5 is_stmt 1 view .LVU45
 171 0066 FFF7FEFF 		bl	Error_Handler
ARM GAS  C:\Users\sata\AppData\Local\Temp\cc7V0N9r.s 			page 10


 172              	.LVL4:
 173              	.L9:
 138:Src/main.c    ****   }
 174              		.loc 1 138 5 view .LVU46
 175 006a FFF7FEFF 		bl	Error_Handler
 176              	.LVL5:
 177              	.L10:
 144:Src/main.c    ****   }
 178              		.loc 1 144 5 view .LVU47
 179 006e FFF7FEFF 		bl	Error_Handler
 180              	.LVL6:
 181              		.cfi_endproc
 182              	.LFE124:
 184              		.section	.text.main,"ax",%progbits
 185              		.align	1
 186              		.global	main
 187              		.syntax unified
 188              		.thumb
 189              		.thumb_func
 191              	main:
 192              	.LFB123:
  66:Src/main.c    ****   /* USER CODE BEGIN 1 */
 193              		.loc 1 66 1 view -0
 194              		.cfi_startproc
 195              		@ Volatile: function does not return.
 196              		@ args = 0, pretend = 0, frame = 0
 197              		@ frame_needed = 0, uses_anonymous_args = 0
 198 0000 08B5     		push	{r3, lr}
 199              	.LCFI4:
 200              		.cfi_def_cfa_offset 8
 201              		.cfi_offset 3, -8
 202              		.cfi_offset 14, -4
  74:Src/main.c    **** 
 203              		.loc 1 74 3 view .LVU49
 204 0002 FFF7FEFF 		bl	HAL_Init
 205              	.LVL7:
  81:Src/main.c    **** 
 206              		.loc 1 81 3 view .LVU50
 207 0006 FFF7FEFF 		bl	SystemClock_Config
 208              	.LVL8:
  88:Src/main.c    ****   MX_USART1_Init();
 209              		.loc 1 88 3 view .LVU51
 210 000a FFF7FEFF 		bl	MX_GPIO_Init
 211              	.LVL9:
  89:Src/main.c    ****   /* USER CODE BEGIN 2 */
 212              		.loc 1 89 3 view .LVU52
 213 000e FFF7FEFF 		bl	MX_USART1_Init
 214              	.LVL10:
 215              	.L12:
  96:Src/main.c    ****   {
 216              		.loc 1 96 3 discriminator 1 view .LVU53
 101:Src/main.c    ****   /* USER CODE END 3 */
 217              		.loc 1 101 3 discriminator 1 view .LVU54
  96:Src/main.c    ****   {
 218              		.loc 1 96 9 discriminator 1 view .LVU55
 219 0012 FEE7     		b	.L12
 220              		.cfi_endproc
ARM GAS  C:\Users\sata\AppData\Local\Temp\cc7V0N9r.s 			page 11


 221              	.LFE123:
 223              		.text
 224              	.Letext0:
 225              		.file 3 "c:\\st\\stm32cubeide_1.12.0\\stm32cubeide\\plugins\\com.st.stm32cube.ide.mcu.externaltool
 226              		.file 4 "c:\\st\\stm32cubeide_1.12.0\\stm32cubeide\\plugins\\com.st.stm32cube.ide.mcu.externaltool
 227              		.file 5 "Drivers/STM32F3xx_HAL_Driver/Inc/stm32f3xx_hal_def.h"
 228              		.file 6 "Drivers/STM32F3xx_HAL_Driver/Inc/stm32f3xx_hal_rcc.h"
 229              		.file 7 "Drivers/STM32F3xx_HAL_Driver/Inc/stm32f3xx_hal_rcc_ex.h"
 230              		.file 8 "Inc/usart.h"
 231              		.file 9 "Inc/gpio.h"
 232              		.file 10 "Drivers/STM32F3xx_HAL_Driver/Inc/stm32f3xx_hal.h"
 233              		.file 11 "<built-in>"
ARM GAS  C:\Users\sata\AppData\Local\Temp\cc7V0N9r.s 			page 12


DEFINED SYMBOLS
                            *ABS*:0000000000000000 main.c
C:\Users\sata\AppData\Local\Temp\cc7V0N9r.s:20     .text.Error_Handler:0000000000000000 $t
C:\Users\sata\AppData\Local\Temp\cc7V0N9r.s:26     .text.Error_Handler:0000000000000000 Error_Handler
C:\Users\sata\AppData\Local\Temp\cc7V0N9r.s:59     .text.SystemClock_Config:0000000000000000 $t
C:\Users\sata\AppData\Local\Temp\cc7V0N9r.s:65     .text.SystemClock_Config:0000000000000000 SystemClock_Config
C:\Users\sata\AppData\Local\Temp\cc7V0N9r.s:185    .text.main:0000000000000000 $t
C:\Users\sata\AppData\Local\Temp\cc7V0N9r.s:191    .text.main:0000000000000000 main

UNDEFINED SYMBOLS
memset
HAL_RCC_OscConfig
HAL_RCC_ClockConfig
HAL_RCCEx_PeriphCLKConfig
HAL_Init
MX_GPIO_Init
MX_USART1_Init
