ARM GAS  C:\Users\sata\AppData\Local\Temp\cctbXN9r.s 			page 1


   1              		.cpu cortex-m4
   2              		.arch armv7e-m
   3              		.fpu fpv4-sp-d16
   4              		.eabi_attribute 27, 1
   5              		.eabi_attribute 28, 1
   6              		.eabi_attribute 20, 1
   7              		.eabi_attribute 21, 1
   8              		.eabi_attribute 23, 3
   9              		.eabi_attribute 24, 1
  10              		.eabi_attribute 25, 1
  11              		.eabi_attribute 26, 1
  12              		.eabi_attribute 30, 1
  13              		.eabi_attribute 34, 1
  14              		.eabi_attribute 18, 4
  15              		.file	"usart.c"
  16              		.text
  17              	.Ltext0:
  18              		.cfi_sections	.debug_frame
  19              		.section	.text.MX_USART1_Init,"ax",%progbits
  20              		.align	1
  21              		.global	MX_USART1_Init
  22              		.syntax unified
  23              		.thumb
  24              		.thumb_func
  26              	MX_USART1_Init:
  27              	.LFB123:
  28              		.file 1 "Src/usart.c"
   1:Src/usart.c   **** /* USER CODE BEGIN Header */
   2:Src/usart.c   **** /**
   3:Src/usart.c   ****   ******************************************************************************
   4:Src/usart.c   ****   * @file    usart.c
   5:Src/usart.c   ****   * @brief   This file provides code for the configuration
   6:Src/usart.c   ****   *          of the USART instances.
   7:Src/usart.c   ****   ******************************************************************************
   8:Src/usart.c   ****   * @attention
   9:Src/usart.c   ****   *
  10:Src/usart.c   ****   * Copyright (c) 2023 STMicroelectronics.
  11:Src/usart.c   ****   * All rights reserved.
  12:Src/usart.c   ****   *
  13:Src/usart.c   ****   * This software is licensed under terms that can be found in the LICENSE file
  14:Src/usart.c   ****   * in the root directory of this software component.
  15:Src/usart.c   ****   * If no LICENSE file comes with this software, it is provided AS-IS.
  16:Src/usart.c   ****   *
  17:Src/usart.c   ****   ******************************************************************************
  18:Src/usart.c   ****   */
  19:Src/usart.c   **** /* USER CODE END Header */
  20:Src/usart.c   **** /* Includes ------------------------------------------------------------------*/
  21:Src/usart.c   **** #include "usart.h"
  22:Src/usart.c   **** 
  23:Src/usart.c   **** /* USER CODE BEGIN 0 */
  24:Src/usart.c   **** 
  25:Src/usart.c   **** /* USER CODE END 0 */
  26:Src/usart.c   **** 
  27:Src/usart.c   **** USART_HandleTypeDef husart1;
  28:Src/usart.c   **** 
  29:Src/usart.c   **** /* USART1 init function */
  30:Src/usart.c   **** void MX_USART1_Init(void)
ARM GAS  C:\Users\sata\AppData\Local\Temp\cctbXN9r.s 			page 2


  31:Src/usart.c   **** {
  29              		.loc 1 31 1 view -0
  30              		.cfi_startproc
  31              		@ args = 0, pretend = 0, frame = 0
  32              		@ frame_needed = 0, uses_anonymous_args = 0
  33 0000 08B5     		push	{r3, lr}
  34              	.LCFI0:
  35              		.cfi_def_cfa_offset 8
  36              		.cfi_offset 3, -8
  37              		.cfi_offset 14, -4
  32:Src/usart.c   **** 
  33:Src/usart.c   ****   /* USER CODE BEGIN USART1_Init 0 */
  34:Src/usart.c   **** 
  35:Src/usart.c   ****   /* USER CODE END USART1_Init 0 */
  36:Src/usart.c   **** 
  37:Src/usart.c   ****   /* USER CODE BEGIN USART1_Init 1 */
  38:Src/usart.c   **** 
  39:Src/usart.c   ****   /* USER CODE END USART1_Init 1 */
  40:Src/usart.c   ****   husart1.Instance = USART1;
  38              		.loc 1 40 3 view .LVU1
  39              		.loc 1 40 20 is_stmt 0 view .LVU2
  40 0002 0B48     		ldr	r0, .L5
  41 0004 0B4B     		ldr	r3, .L5+4
  42 0006 0360     		str	r3, [r0]
  41:Src/usart.c   ****   husart1.Init.BaudRate = 38400;
  43              		.loc 1 41 3 is_stmt 1 view .LVU3
  44              		.loc 1 41 25 is_stmt 0 view .LVU4
  45 0008 4FF41643 		mov	r3, #38400
  46 000c 4360     		str	r3, [r0, #4]
  42:Src/usart.c   ****   husart1.Init.WordLength = USART_WORDLENGTH_8B;
  47              		.loc 1 42 3 is_stmt 1 view .LVU5
  48              		.loc 1 42 27 is_stmt 0 view .LVU6
  49 000e 0023     		movs	r3, #0
  50 0010 8360     		str	r3, [r0, #8]
  43:Src/usart.c   ****   husart1.Init.StopBits = USART_STOPBITS_1;
  51              		.loc 1 43 3 is_stmt 1 view .LVU7
  52              		.loc 1 43 25 is_stmt 0 view .LVU8
  53 0012 C360     		str	r3, [r0, #12]
  44:Src/usart.c   ****   husart1.Init.Parity = USART_PARITY_NONE;
  54              		.loc 1 44 3 is_stmt 1 view .LVU9
  55              		.loc 1 44 23 is_stmt 0 view .LVU10
  56 0014 0361     		str	r3, [r0, #16]
  45:Src/usart.c   ****   husart1.Init.Mode = USART_MODE_TX_RX;
  57              		.loc 1 45 3 is_stmt 1 view .LVU11
  58              		.loc 1 45 21 is_stmt 0 view .LVU12
  59 0016 0C22     		movs	r2, #12
  60 0018 4261     		str	r2, [r0, #20]
  46:Src/usart.c   ****   husart1.Init.CLKPolarity = USART_POLARITY_LOW;
  61              		.loc 1 46 3 is_stmt 1 view .LVU13
  62              		.loc 1 46 28 is_stmt 0 view .LVU14
  63 001a 8361     		str	r3, [r0, #24]
  47:Src/usart.c   ****   husart1.Init.CLKPhase = USART_PHASE_1EDGE;
  64              		.loc 1 47 3 is_stmt 1 view .LVU15
  65              		.loc 1 47 25 is_stmt 0 view .LVU16
  66 001c C361     		str	r3, [r0, #28]
  48:Src/usart.c   ****   husart1.Init.CLKLastBit = USART_LASTBIT_DISABLE;
  67              		.loc 1 48 3 is_stmt 1 view .LVU17
ARM GAS  C:\Users\sata\AppData\Local\Temp\cctbXN9r.s 			page 3


  68              		.loc 1 48 27 is_stmt 0 view .LVU18
  69 001e 0362     		str	r3, [r0, #32]
  49:Src/usart.c   ****   if (HAL_USART_Init(&husart1) != HAL_OK)
  70              		.loc 1 49 3 is_stmt 1 view .LVU19
  71              		.loc 1 49 7 is_stmt 0 view .LVU20
  72 0020 FFF7FEFF 		bl	HAL_USART_Init
  73              	.LVL0:
  74              		.loc 1 49 6 view .LVU21
  75 0024 00B9     		cbnz	r0, .L4
  76              	.L1:
  50:Src/usart.c   ****   {
  51:Src/usart.c   ****     Error_Handler();
  52:Src/usart.c   ****   }
  53:Src/usart.c   ****   /* USER CODE BEGIN USART1_Init 2 */
  54:Src/usart.c   **** 
  55:Src/usart.c   ****   /* USER CODE END USART1_Init 2 */
  56:Src/usart.c   **** 
  57:Src/usart.c   **** }
  77              		.loc 1 57 1 view .LVU22
  78 0026 08BD     		pop	{r3, pc}
  79              	.L4:
  51:Src/usart.c   ****   }
  80              		.loc 1 51 5 is_stmt 1 view .LVU23
  81 0028 FFF7FEFF 		bl	Error_Handler
  82              	.LVL1:
  83              		.loc 1 57 1 is_stmt 0 view .LVU24
  84 002c FBE7     		b	.L1
  85              	.L6:
  86 002e 00BF     		.align	2
  87              	.L5:
  88 0030 00000000 		.word	.LANCHOR0
  89 0034 00380140 		.word	1073821696
  90              		.cfi_endproc
  91              	.LFE123:
  93              		.section	.text.HAL_USART_MspInit,"ax",%progbits
  94              		.align	1
  95              		.global	HAL_USART_MspInit
  96              		.syntax unified
  97              		.thumb
  98              		.thumb_func
 100              	HAL_USART_MspInit:
 101              	.LVL2:
 102              	.LFB124:
  58:Src/usart.c   **** 
  59:Src/usart.c   **** void HAL_USART_MspInit(USART_HandleTypeDef* usartHandle)
  60:Src/usart.c   **** {
 103              		.loc 1 60 1 is_stmt 1 view -0
 104              		.cfi_startproc
 105              		@ args = 0, pretend = 0, frame = 32
 106              		@ frame_needed = 0, uses_anonymous_args = 0
 107              		.loc 1 60 1 is_stmt 0 view .LVU26
 108 0000 00B5     		push	{lr}
 109              	.LCFI1:
 110              		.cfi_def_cfa_offset 4
 111              		.cfi_offset 14, -4
 112 0002 89B0     		sub	sp, sp, #36
 113              	.LCFI2:
ARM GAS  C:\Users\sata\AppData\Local\Temp\cctbXN9r.s 			page 4


 114              		.cfi_def_cfa_offset 40
  61:Src/usart.c   **** 
  62:Src/usart.c   ****   GPIO_InitTypeDef GPIO_InitStruct = {0};
 115              		.loc 1 62 3 is_stmt 1 view .LVU27
 116              		.loc 1 62 20 is_stmt 0 view .LVU28
 117 0004 0023     		movs	r3, #0
 118 0006 0393     		str	r3, [sp, #12]
 119 0008 0493     		str	r3, [sp, #16]
 120 000a 0593     		str	r3, [sp, #20]
 121 000c 0693     		str	r3, [sp, #24]
 122 000e 0793     		str	r3, [sp, #28]
  63:Src/usart.c   ****   if(usartHandle->Instance==USART1)
 123              		.loc 1 63 3 is_stmt 1 view .LVU29
 124              		.loc 1 63 17 is_stmt 0 view .LVU30
 125 0010 0268     		ldr	r2, [r0]
 126              		.loc 1 63 5 view .LVU31
 127 0012 144B     		ldr	r3, .L11
 128 0014 9A42     		cmp	r2, r3
 129 0016 02D0     		beq	.L10
 130              	.LVL3:
 131              	.L7:
  64:Src/usart.c   ****   {
  65:Src/usart.c   ****   /* USER CODE BEGIN USART1_MspInit 0 */
  66:Src/usart.c   **** 
  67:Src/usart.c   ****   /* USER CODE END USART1_MspInit 0 */
  68:Src/usart.c   ****     /* USART1 clock enable */
  69:Src/usart.c   ****     __HAL_RCC_USART1_CLK_ENABLE();
  70:Src/usart.c   **** 
  71:Src/usart.c   ****     __HAL_RCC_GPIOA_CLK_ENABLE();
  72:Src/usart.c   ****     /**USART1 GPIO Configuration
  73:Src/usart.c   ****     PA8     ------> USART1_CK
  74:Src/usart.c   ****     PA9     ------> USART1_TX
  75:Src/usart.c   ****     PA10     ------> USART1_RX
  76:Src/usart.c   ****     */
  77:Src/usart.c   ****     GPIO_InitStruct.Pin = GPIO_PIN_8|GPIO_PIN_9|GPIO_PIN_10;
  78:Src/usart.c   ****     GPIO_InitStruct.Mode = GPIO_MODE_AF_PP;
  79:Src/usart.c   ****     GPIO_InitStruct.Pull = GPIO_NOPULL;
  80:Src/usart.c   ****     GPIO_InitStruct.Speed = GPIO_SPEED_FREQ_HIGH;
  81:Src/usart.c   ****     GPIO_InitStruct.Alternate = GPIO_AF7_USART1;
  82:Src/usart.c   ****     HAL_GPIO_Init(GPIOA, &GPIO_InitStruct);
  83:Src/usart.c   **** 
  84:Src/usart.c   ****   /* USER CODE BEGIN USART1_MspInit 1 */
  85:Src/usart.c   **** 
  86:Src/usart.c   ****   /* USER CODE END USART1_MspInit 1 */
  87:Src/usart.c   ****   }
  88:Src/usart.c   **** }
 132              		.loc 1 88 1 view .LVU32
 133 0018 09B0     		add	sp, sp, #36
 134              	.LCFI3:
 135              		.cfi_remember_state
 136              		.cfi_def_cfa_offset 4
 137              		@ sp needed
 138 001a 5DF804FB 		ldr	pc, [sp], #4
 139              	.LVL4:
 140              	.L10:
 141              	.LCFI4:
 142              		.cfi_restore_state
ARM GAS  C:\Users\sata\AppData\Local\Temp\cctbXN9r.s 			page 5


  69:Src/usart.c   **** 
 143              		.loc 1 69 5 is_stmt 1 view .LVU33
 144              	.LBB2:
  69:Src/usart.c   **** 
 145              		.loc 1 69 5 view .LVU34
  69:Src/usart.c   **** 
 146              		.loc 1 69 5 view .LVU35
 147 001e 03F55843 		add	r3, r3, #55296
 148 0022 9A69     		ldr	r2, [r3, #24]
 149 0024 42F48042 		orr	r2, r2, #16384
 150 0028 9A61     		str	r2, [r3, #24]
  69:Src/usart.c   **** 
 151              		.loc 1 69 5 view .LVU36
 152 002a 9A69     		ldr	r2, [r3, #24]
 153 002c 02F48042 		and	r2, r2, #16384
 154 0030 0192     		str	r2, [sp, #4]
  69:Src/usart.c   **** 
 155              		.loc 1 69 5 view .LVU37
 156 0032 019A     		ldr	r2, [sp, #4]
 157              	.LBE2:
  69:Src/usart.c   **** 
 158              		.loc 1 69 5 view .LVU38
  71:Src/usart.c   ****     /**USART1 GPIO Configuration
 159              		.loc 1 71 5 view .LVU39
 160              	.LBB3:
  71:Src/usart.c   ****     /**USART1 GPIO Configuration
 161              		.loc 1 71 5 view .LVU40
  71:Src/usart.c   ****     /**USART1 GPIO Configuration
 162              		.loc 1 71 5 view .LVU41
 163 0034 5A69     		ldr	r2, [r3, #20]
 164 0036 42F40032 		orr	r2, r2, #131072
 165 003a 5A61     		str	r2, [r3, #20]
  71:Src/usart.c   ****     /**USART1 GPIO Configuration
 166              		.loc 1 71 5 view .LVU42
 167 003c 5B69     		ldr	r3, [r3, #20]
 168 003e 03F40033 		and	r3, r3, #131072
 169 0042 0293     		str	r3, [sp, #8]
  71:Src/usart.c   ****     /**USART1 GPIO Configuration
 170              		.loc 1 71 5 view .LVU43
 171 0044 029B     		ldr	r3, [sp, #8]
 172              	.LBE3:
  71:Src/usart.c   ****     /**USART1 GPIO Configuration
 173              		.loc 1 71 5 view .LVU44
  77:Src/usart.c   ****     GPIO_InitStruct.Mode = GPIO_MODE_AF_PP;
 174              		.loc 1 77 5 view .LVU45
  77:Src/usart.c   ****     GPIO_InitStruct.Mode = GPIO_MODE_AF_PP;
 175              		.loc 1 77 25 is_stmt 0 view .LVU46
 176 0046 4FF4E063 		mov	r3, #1792
 177 004a 0393     		str	r3, [sp, #12]
  78:Src/usart.c   ****     GPIO_InitStruct.Pull = GPIO_NOPULL;
 178              		.loc 1 78 5 is_stmt 1 view .LVU47
  78:Src/usart.c   ****     GPIO_InitStruct.Pull = GPIO_NOPULL;
 179              		.loc 1 78 26 is_stmt 0 view .LVU48
 180 004c 0223     		movs	r3, #2
 181 004e 0493     		str	r3, [sp, #16]
  79:Src/usart.c   ****     GPIO_InitStruct.Speed = GPIO_SPEED_FREQ_HIGH;
 182              		.loc 1 79 5 is_stmt 1 view .LVU49
ARM GAS  C:\Users\sata\AppData\Local\Temp\cctbXN9r.s 			page 6


  80:Src/usart.c   ****     GPIO_InitStruct.Alternate = GPIO_AF7_USART1;
 183              		.loc 1 80 5 view .LVU50
  80:Src/usart.c   ****     GPIO_InitStruct.Alternate = GPIO_AF7_USART1;
 184              		.loc 1 80 27 is_stmt 0 view .LVU51
 185 0050 0323     		movs	r3, #3
 186 0052 0693     		str	r3, [sp, #24]
  81:Src/usart.c   ****     HAL_GPIO_Init(GPIOA, &GPIO_InitStruct);
 187              		.loc 1 81 5 is_stmt 1 view .LVU52
  81:Src/usart.c   ****     HAL_GPIO_Init(GPIOA, &GPIO_InitStruct);
 188              		.loc 1 81 31 is_stmt 0 view .LVU53
 189 0054 0723     		movs	r3, #7
 190 0056 0793     		str	r3, [sp, #28]
  82:Src/usart.c   **** 
 191              		.loc 1 82 5 is_stmt 1 view .LVU54
 192 0058 03A9     		add	r1, sp, #12
 193 005a 4FF09040 		mov	r0, #1207959552
 194              	.LVL5:
  82:Src/usart.c   **** 
 195              		.loc 1 82 5 is_stmt 0 view .LVU55
 196 005e FFF7FEFF 		bl	HAL_GPIO_Init
 197              	.LVL6:
 198              		.loc 1 88 1 view .LVU56
 199 0062 D9E7     		b	.L7
 200              	.L12:
 201              		.align	2
 202              	.L11:
 203 0064 00380140 		.word	1073821696
 204              		.cfi_endproc
 205              	.LFE124:
 207              		.section	.text.HAL_USART_MspDeInit,"ax",%progbits
 208              		.align	1
 209              		.global	HAL_USART_MspDeInit
 210              		.syntax unified
 211              		.thumb
 212              		.thumb_func
 214              	HAL_USART_MspDeInit:
 215              	.LVL7:
 216              	.LFB125:
  89:Src/usart.c   **** 
  90:Src/usart.c   **** void HAL_USART_MspDeInit(USART_HandleTypeDef* usartHandle)
  91:Src/usart.c   **** {
 217              		.loc 1 91 1 is_stmt 1 view -0
 218              		.cfi_startproc
 219              		@ args = 0, pretend = 0, frame = 0
 220              		@ frame_needed = 0, uses_anonymous_args = 0
 221              		.loc 1 91 1 is_stmt 0 view .LVU58
 222 0000 08B5     		push	{r3, lr}
 223              	.LCFI5:
 224              		.cfi_def_cfa_offset 8
 225              		.cfi_offset 3, -8
 226              		.cfi_offset 14, -4
  92:Src/usart.c   **** 
  93:Src/usart.c   ****   if(usartHandle->Instance==USART1)
 227              		.loc 1 93 3 is_stmt 1 view .LVU59
 228              		.loc 1 93 17 is_stmt 0 view .LVU60
 229 0002 0268     		ldr	r2, [r0]
 230              		.loc 1 93 5 view .LVU61
ARM GAS  C:\Users\sata\AppData\Local\Temp\cctbXN9r.s 			page 7


 231 0004 074B     		ldr	r3, .L17
 232 0006 9A42     		cmp	r2, r3
 233 0008 00D0     		beq	.L16
 234              	.LVL8:
 235              	.L13:
  94:Src/usart.c   ****   {
  95:Src/usart.c   ****   /* USER CODE BEGIN USART1_MspDeInit 0 */
  96:Src/usart.c   **** 
  97:Src/usart.c   ****   /* USER CODE END USART1_MspDeInit 0 */
  98:Src/usart.c   ****     /* Peripheral clock disable */
  99:Src/usart.c   ****     __HAL_RCC_USART1_CLK_DISABLE();
 100:Src/usart.c   **** 
 101:Src/usart.c   ****     /**USART1 GPIO Configuration
 102:Src/usart.c   ****     PA8     ------> USART1_CK
 103:Src/usart.c   ****     PA9     ------> USART1_TX
 104:Src/usart.c   ****     PA10     ------> USART1_RX
 105:Src/usart.c   ****     */
 106:Src/usart.c   ****     HAL_GPIO_DeInit(GPIOA, GPIO_PIN_8|GPIO_PIN_9|GPIO_PIN_10);
 107:Src/usart.c   **** 
 108:Src/usart.c   ****   /* USER CODE BEGIN USART1_MspDeInit 1 */
 109:Src/usart.c   **** 
 110:Src/usart.c   ****   /* USER CODE END USART1_MspDeInit 1 */
 111:Src/usart.c   ****   }
 112:Src/usart.c   **** }
 236              		.loc 1 112 1 view .LVU62
 237 000a 08BD     		pop	{r3, pc}
 238              	.LVL9:
 239              	.L16:
  99:Src/usart.c   **** 
 240              		.loc 1 99 5 is_stmt 1 view .LVU63
 241 000c 064A     		ldr	r2, .L17+4
 242 000e 9369     		ldr	r3, [r2, #24]
 243 0010 23F48043 		bic	r3, r3, #16384
 244 0014 9361     		str	r3, [r2, #24]
 106:Src/usart.c   **** 
 245              		.loc 1 106 5 view .LVU64
 246 0016 4FF4E061 		mov	r1, #1792
 247 001a 4FF09040 		mov	r0, #1207959552
 248              	.LVL10:
 106:Src/usart.c   **** 
 249              		.loc 1 106 5 is_stmt 0 view .LVU65
 250 001e FFF7FEFF 		bl	HAL_GPIO_DeInit
 251              	.LVL11:
 252              		.loc 1 112 1 view .LVU66
 253 0022 F2E7     		b	.L13
 254              	.L18:
 255              		.align	2
 256              	.L17:
 257 0024 00380140 		.word	1073821696
 258 0028 00100240 		.word	1073876992
 259              		.cfi_endproc
 260              	.LFE125:
 262              		.global	husart1
 263              		.section	.bss.husart1,"aw",%nobits
 264              		.align	2
 265              		.set	.LANCHOR0,. + 0
 268              	husart1:
ARM GAS  C:\Users\sata\AppData\Local\Temp\cctbXN9r.s 			page 8


 269 0000 00000000 		.space	80
 269      00000000 
 269      00000000 
 269      00000000 
 269      00000000 
 270              		.text
 271              	.Letext0:
 272              		.file 2 "c:\\st\\stm32cubeide_1.12.0\\stm32cubeide\\plugins\\com.st.stm32cube.ide.mcu.externaltool
 273              		.file 3 "c:\\st\\stm32cubeide_1.12.0\\stm32cubeide\\plugins\\com.st.stm32cube.ide.mcu.externaltool
 274              		.file 4 "Drivers/CMSIS/Device/ST/STM32F3xx/Include/stm32f303x8.h"
 275              		.file 5 "Drivers/STM32F3xx_HAL_Driver/Inc/stm32f3xx_hal_def.h"
 276              		.file 6 "Drivers/STM32F3xx_HAL_Driver/Inc/stm32f3xx_hal_gpio.h"
 277              		.file 7 "Drivers/STM32F3xx_HAL_Driver/Inc/stm32f3xx_hal_dma.h"
 278              		.file 8 "Drivers/STM32F3xx_HAL_Driver/Inc/stm32f3xx_hal_usart.h"
 279              		.file 9 "Inc/usart.h"
 280              		.file 10 "Inc/main.h"
ARM GAS  C:\Users\sata\AppData\Local\Temp\cctbXN9r.s 			page 9


DEFINED SYMBOLS
                            *ABS*:0000000000000000 usart.c
C:\Users\sata\AppData\Local\Temp\cctbXN9r.s:20     .text.MX_USART1_Init:0000000000000000 $t
C:\Users\sata\AppData\Local\Temp\cctbXN9r.s:26     .text.MX_USART1_Init:0000000000000000 MX_USART1_Init
C:\Users\sata\AppData\Local\Temp\cctbXN9r.s:88     .text.MX_USART1_Init:0000000000000030 $d
C:\Users\sata\AppData\Local\Temp\cctbXN9r.s:94     .text.HAL_USART_MspInit:0000000000000000 $t
C:\Users\sata\AppData\Local\Temp\cctbXN9r.s:100    .text.HAL_USART_MspInit:0000000000000000 HAL_USART_MspInit
C:\Users\sata\AppData\Local\Temp\cctbXN9r.s:203    .text.HAL_USART_MspInit:0000000000000064 $d
C:\Users\sata\AppData\Local\Temp\cctbXN9r.s:208    .text.HAL_USART_MspDeInit:0000000000000000 $t
C:\Users\sata\AppData\Local\Temp\cctbXN9r.s:214    .text.HAL_USART_MspDeInit:0000000000000000 HAL_USART_MspDeInit
C:\Users\sata\AppData\Local\Temp\cctbXN9r.s:257    .text.HAL_USART_MspDeInit:0000000000000024 $d
C:\Users\sata\AppData\Local\Temp\cctbXN9r.s:268    .bss.husart1:0000000000000000 husart1
C:\Users\sata\AppData\Local\Temp\cctbXN9r.s:264    .bss.husart1:0000000000000000 $d

UNDEFINED SYMBOLS
HAL_USART_Init
Error_Handler
HAL_GPIO_Init
HAL_GPIO_DeInit
